<?xml version="1.0" encoding="UTF-8"?>
<!-- Generated by org.testng.reporters.JUnitReportReporter -->
<testsuite hostname="DESKTOP-99P843S" failures="0" tests="1" name="com.Infilon.Functional_Technical_Analyst" time="23.968" errors="0" timestamp="2024-12-28T18:17:26 IST" skipped="0">
  <testcase classname="com.Infilon.Functional_Technical_Analyst" name="job_post" time="23.968"/>
</testsuite> <!-- com.Infilon.Functional_Technical_Analyst -->
